::1 - - [13/Jul/2026 01:59:18] "GET / HTTP/1.1" 200 -
::1 - - [13/Jul/2026 01:59:18] "GET /assets/stylesheets/main.484c7ddc.min.css HTTP/1.1" 200 -
::1 - - [13/Jul/2026 01:59:18] "GET /assets/stylesheets/palette.ab4e12ef.min.css HTTP/1.1" 200 -
::1 - - [13/Jul/2026 01:59:18] "GET /assets/stylesheets/extra.css HTTP/1.1" 200 -
::1 - - [13/Jul/2026 01:59:18] "GET /assets/javascripts/bundle.79ae519e.min.js HTTP/1.1" 200 -
::1 - - [13/Jul/2026 01:59:18] "GET /assets/stylesheets/mobile.css HTTP/1.1" 200 -
::1 - - [13/Jul/2026 01:59:18] "GET /assets/javascripts/mathjax.js HTTP/1.1" 200 -
::1 - - [13/Jul/2026 01:59:18] "GET /assets/javascripts/sidebar-click.js HTTP/1.1" 200 -
::1 - - [13/Jul/2026 01:59:18] "GET /assets/javascripts/mermaid-init.js HTTP/1.1" 200 -
::1 - - [13/Jul/2026 01:59:19] "GET /search/search_index.json HTTP/1.1" 200 -
::1 - - [13/Jul/2026 01:59:19] "GET /assets/javascripts/workers/search.2c215733.min.js HTTP/1.1" 200 -
::1 - - [13/Jul/2026 01:59:19] "GET /assets/javascripts/bundle.79ae519e.min.js.map HTTP/1.1" 200 -
::1 - - [13/Jul/2026 01:59:19] "GET /assets/images/favicon.png HTTP/1.1" 200 -
::1 - - [13/Jul/2026 01:59:56] "GET /low-level-design/parking-lot/HIGH_LEVEL_DESIGN/ HTTP/1.1" 200 -
::1 - - [13/Jul/2026 01:59:56] "GET /assets/stylesheets/main.484c7ddc.min.css HTTP/1.1" 304 -
::1 - - [13/Jul/2026 01:59:56] "GET /assets/stylesheets/palette.ab4e12ef.min.css HTTP/1.1" 304 -
::1 - - [13/Jul/2026 01:59:56] "GET /assets/stylesheets/mobile.css HTTP/1.1" 304 -
::1 - - [13/Jul/2026 01:59:56] "GET /assets/stylesheets/extra.css HTTP/1.1" 304 -
::1 - - [13/Jul/2026 01:59:56] "GET /assets/javascripts/bundle.79ae519e.min.js HTTP/1.1" 304 -
::1 - - [13/Jul/2026 01:59:56] "GET /assets/javascripts/mathjax.js HTTP/1.1" 304 -
::1 - - [13/Jul/2026 01:59:56] "GET /assets/javascripts/sidebar-click.js HTTP/1.1" 304 -
::1 - - [13/Jul/2026 01:59:56] "GET /assets/javascripts/mermaid-init.js HTTP/1.1" 304 -
::1 - - [13/Jul/2026 01:59:56] "GET /search/search_index.json HTTP/1.1" 304 -
::1 - - [13/Jul/2026 01:59:56] "GET /assets/javascripts/workers/search.2c215733.min.js HTTP/1.1" 304 -
::1 - - [13/Jul/2026 01:59:56] "GET /assets/javascripts/bundle.79ae519e.min.js.map HTTP/1.1" 304 -
::1 - - [13/Jul/2026 01:59:56] "GET /assets/videos/parking-lot-sequence.mp4 HTTP/1.1" 200 -
::1 - - [13/Jul/2026 02:00:05] "GET /ai-engineering/agents/01_AGENT_FUNDAMENTALS/ HTTP/1.1" 200 -
::1 - - [13/Jul/2026 02:00:05] "GET /assets/videos/agent-react-loop.mp4 HTTP/1.1" 200 -
::1 - - [13/Jul/2026 02:00:12] "GET /tools-interview/ci-cd-deployment/DEPLOYMENT_GUIDE/ HTTP/1.1" 200 -
::1 - - [13/Jul/2026 02:00:12] "GET /assets/videos/cicd-end-to-end-pipeline.mp4 HTTP/1.1" 200 -
::1 - - [13/Jul/2026 02:00:12] "GET /assets/videos/cicd-frontend-pipeline.mp4 HTTP/1.1" 200 -
::1 - - [13/Jul/2026 02:00:12] "GET /assets/videos/cicd-backend-pipeline.mp4 HTTP/1.1" 200 -
::1 - - [13/Jul/2026 02:00:12] "GET /assets/videos/cicd-artifact-promotion.mp4 HTTP/1.1" 200 -
::1 - - [13/Jul/2026 02:00:12] "GET /assets/videos/cicd-blue-green-deployment.mp4 HTTP/1.1" 200 -
::1 - - [13/Jul/2026 02:00:12] "GET /assets/videos/cicd-canary-release.mp4 HTTP/1.1" 200 -
